<?xml version="1.0" encoding="UTF-8"?>
<testng-results skipped="0" failed="1" ignored="3" total="4" passed="0">
  <reporter-output>
  </reporter-output>
  <suite name="Default suite" duration-ms="306" started-at="2017-07-07T15:22:16Z" finished-at="2017-07-07T15:22:16Z">
    <groups>
      <group name="examples-testng">
        <method signature="RunCukesByCompositionGrp1_Test4.runCukes()[pri:0, instance:com.cucumber.testng.examples.RunCukesByCompositionGrp1_Test4@47ef968d]" name="runCukes" class="com.cucumber.testng.examples.RunCukesByCompositionGrp1_Test4"/>
      </group> <!-- examples-testng -->
    </groups>
    <test name="Default test" duration-ms="306" started-at="2017-07-07T15:22:16Z" finished-at="2017-07-07T15:22:16Z">
      <class name="com.cucumber.testng.examples.RunCukesByCompositionGrp1_Test4">
        <test-method status="PASS" signature="beforeClass()[pri:0, instance:com.cucumber.testng.examples.RunCukesByCompositionGrp1_Test4@47ef968d]" name="beforeClass" is-config="true" duration-ms="0" started-at="2017-07-07T09:22:16Z" finished-at="2017-07-07T09:22:16Z">
          <reporter-output>
          </reporter-output>
        </test-method> <!-- beforeClass -->
        <test-method status="PASS" signature="beforeMethod()[pri:0, instance:com.cucumber.testng.examples.RunCukesByCompositionGrp1_Test4@47ef968d]" name="beforeMethod" is-config="true" duration-ms="1" started-at="2017-07-07T09:22:16Z" finished-at="2017-07-07T09:22:16Z">
          <reporter-output>
          </reporter-output>
        </test-method> <!-- beforeMethod -->
        <test-method status="FAIL" signature="runCukes()[pri:0, instance:com.cucumber.testng.examples.RunCukesByCompositionGrp1_Test4@47ef968d]" name="runCukes" duration-ms="276" started-at="2017-07-07T09:22:16Z" description="Example of using TestNGCucumberRunner to invoke Cucumber" finished-at="2017-07-07T09:22:16Z">
          <exception class="java.lang.IllegalArgumentException">
            <message>
              <![CDATA[Not a file or directory: C:\Users\vrca\Documents\Automation base framework\Automation Frwk\mavne_failsafe_test\src\test\resources\com.cucumber.testng.examples\Reviewer_queue.feature]]>
            </message>
            <full-stacktrace>
              <![CDATA[java.lang.IllegalArgumentException: Not a file or directory: C:\Users\vrca\Documents\Automation base framework\Automation Frwk\mavne_failsafe_test\src\test\resources\com.cucumber.testng.examples\Reviewer_queue.feature
	at cucumber.runtime.io.FileResourceIterator$FileIterator.<init>(FileResourceIterator.java:54)
	at cucumber.runtime.io.FileResourceIterator.<init>(FileResourceIterator.java:20)
	at cucumber.runtime.io.FileResourceIterable.iterator(FileResourceIterable.java:19)
	at cucumber.runtime.model.CucumberFeature.loadFromFeaturePath(CucumberFeature.java:103)
	at cucumber.runtime.model.CucumberFeature.load(CucumberFeature.java:54)
	at cucumber.runtime.model.CucumberFeature.load(CucumberFeature.java:34)
	at cucumber.runtime.RuntimeOptions.cucumberFeatures(RuntimeOptions.java:239)
	at cucumber.api.testng.TestNGCucumberRunner.getFeatures(TestNGCucumberRunner.java:85)
	at cucumber.api.testng.TestNGCucumberRunner.runCukes(TestNGCucumberRunner.java:49)
	at com.cucumber.testng.examples.RunCukesByCompositionGrp1_Test4.runCukes(RunCukesByCompositionGrp1_Test4.java:60)
	at sun.reflect.NativeMethodAccessorImpl.invoke0(Native Method)
	at sun.reflect.NativeMethodAccessorImpl.invoke(Unknown Source)
	at sun.reflect.DelegatingMethodAccessorImpl.invoke(Unknown Source)
	at java.lang.reflect.Method.invoke(Unknown Source)
	at org.testng.internal.MethodInvocationHelper.invokeMethod(MethodInvocationHelper.java:108)
	at org.testng.internal.Invoker.invokeMethod(Invoker.java:661)
	at org.testng.internal.Invoker.invokeTestMethod(Invoker.java:869)
	at org.testng.internal.Invoker.invokeTestMethods(Invoker.java:1193)
	at org.testng.internal.TestMethodWorker.invokeTestMethods(TestMethodWorker.java:126)
	at org.testng.internal.TestMethodWorker.run(TestMethodWorker.java:109)
	at org.testng.TestRunner.privateRun(TestRunner.java:744)
	at org.testng.TestRunner.run(TestRunner.java:602)
	at org.testng.SuiteRunner.runTest(SuiteRunner.java:380)
	at org.testng.SuiteRunner.runSequentially(SuiteRunner.java:375)
	at org.testng.SuiteRunner.privateRun(SuiteRunner.java:340)
	at org.testng.SuiteRunner.run(SuiteRunner.java:289)
	at org.testng.SuiteRunnerWorker.runSuite(SuiteRunnerWorker.java:52)
	at org.testng.SuiteRunnerWorker.run(SuiteRunnerWorker.java:86)
	at org.testng.TestNG.runSuitesSequentially(TestNG.java:1301)
	at org.testng.TestNG.runSuitesLocally(TestNG.java:1226)
	at org.testng.TestNG.runSuites(TestNG.java:1144)
	at org.testng.TestNG.run(TestNG.java:1115)
	at org.testng.remote.AbstractRemoteTestNG.run(AbstractRemoteTestNG.java:132)
	at org.testng.remote.RemoteTestNG.initAndRun(RemoteTestNG.java:236)
	at org.testng.remote.RemoteTestNG.main(RemoteTestNG.java:81)
]]>
            </full-stacktrace>
          </exception> <!-- java.lang.IllegalArgumentException -->
          <reporter-output>
          </reporter-output>
        </test-method> <!-- runCukes -->
      </class> <!-- com.cucumber.testng.examples.RunCukesByCompositionGrp1_Test4 -->
      <class name="com.cucumber.testng.examples.BaseTestCase">
        <test-method status="PASS" signature="beforeSuite()[pri:0, instance:com.cucumber.testng.examples.BaseTestCase@5bc79255]" name="beforeSuite" is-config="true" duration-ms="31" started-at="2017-07-07T09:22:16Z" finished-at="2017-07-07T09:22:16Z">
          <reporter-output>
          </reporter-output>
        </test-method> <!-- beforeSuite -->
        <test-method status="PASS" signature="afterTest(org.testng.ITestContext)[pri:0, instance:com.cucumber.testng.examples.BaseTestCase@5bc79255]" name="afterTest" is-config="true" duration-ms="2" started-at="2017-07-07T09:22:16Z" finished-at="2017-07-07T09:22:16Z">
          <params>
            <param index="0">
              <value>
                <![CDATA[org.testng.TestRunner@201a4587]]>
              </value>
            </param>
          </params>
          <reporter-output>
          </reporter-output>
        </test-method> <!-- afterTest -->
        <test-method status="PASS" signature="afterTest(org.testng.ITestContext)[pri:0, instance:com.cucumber.testng.examples.BaseTestCase@5bc79255]" name="afterTest" is-config="true" duration-ms="0" started-at="2017-07-07T09:22:16Z" finished-at="2017-07-07T09:22:16Z">
          <params>
            <param index="0">
              <value>
                <![CDATA[org.testng.TestRunner@201a4587]]>
              </value>
            </param>
          </params>
          <reporter-output>
          </reporter-output>
        </test-method> <!-- afterTest -->
        <test-method status="PASS" signature="afterSuite()[pri:0, instance:com.cucumber.testng.examples.BaseTestCase@5bc79255]" name="afterSuite" is-config="true" duration-ms="0" started-at="2017-07-07T09:22:17Z" finished-at="2017-07-07T09:22:17Z">
          <reporter-output>
          </reporter-output>
        </test-method> <!-- afterSuite -->
      </class> <!-- com.cucumber.testng.examples.BaseTestCase -->
    </test> <!-- Default test -->
  </suite> <!-- Default suite -->
</testng-results>
